<?xml version="1.0" encoding="UTF-8"?>
<!-- Generated by org.testng.reporters.JUnitXMLReporter -->
<testsuite hostname="WIN-M4ALLFSO9QO" ignored="0" name="Command line test" tests="2" failures="0" timestamp="15 Dec 2022 11:31:10 GMT" time="20.401" errors="0">
  <testcase name="PromeniLozinkuNeuspesnoNeslaganjeChrome" time="7.67" classname="projekat4.PromeniLozinkuNeuspesnoNeslaganje"/>
  <testcase name="PromeniLozinkuNeuspesnoNeslaganjeFirefox" time="12.659" classname="projekat4.PromeniLozinkuNeuspesnoNeslaganje"/>
</testsuite> <!-- Command line test -->
