<?xml version="1.0" encoding="UTF-8"?>
<!-- Generated by org.testng.reporters.JUnitXMLReporter -->
<testsuite hostname="WIN-M4ALLFSO9QO" ignored="0" name="Command line test" tests="2" failures="0" timestamp="15 Dec 2022 11:39:10 GMT" time="20.82" errors="0">
  <testcase name="RegistracijaNeuspesnaKontaktChrome" time="9.272" classname="projekat4.RegistracijaNeuspesnaKontakt"/>
  <testcase name="RegistracijaNeuspesnaKontaktFirefox" time="11.477" classname="projekat4.RegistracijaNeuspesnaKontakt"/>
</testsuite> <!-- Command line test -->
