<?xml version="1.0" encoding="UTF-8"?>
<!-- Generated by org.testng.reporters.JUnitXMLReporter -->
<testsuite hostname="WIN-M4ALLFSO9QO" ignored="0" name="Command line test" tests="2" failures="0" timestamp="19 Dec 2022 18:36:39 GMT" time="10.665" errors="0">
  <testcase name="PromeniLozinkuUspesnoChrome" time="10.132" classname="projekat4.PromeniLozinkuUspesno"/>
  <testcase name="PromeniLozinkuUspesnoFirefox" time="0.455" classname="projekat4.PromeniLozinkuUspesno"/>
</testsuite> <!-- Command line test -->
