<?xml version="1.0" encoding="UTF-8"?>
<!-- Generated by org.testng.reporters.JUnitXMLReporter -->
<testsuite hostname="WIN-M4ALLFSO9QO" ignored="0" name="Command line test" tests="2" failures="0" timestamp="15 Dec 2022 11:40:51 GMT" time="21.23" errors="0">
  <testcase name="RegistracijaNeuspesnaJMBGChrome" time="9.351" classname="projekat4.RegistracijaNeuspesnaJMBG"/>
  <testcase name="RegistracijaNeuspesnaJMBGFirefox" time="11.786" classname="projekat4.RegistracijaNeuspesnaJMBG"/>
</testsuite> <!-- Command line test -->
