<?xml version="1.0" encoding="UTF-8"?>
<!-- Generated by org.testng.reporters.JUnitXMLReporter -->
<testsuite hostname="WIN-M4ALLFSO9QO" ignored="0" name="Command line test" tests="2" failures="0" timestamp="15 Dec 2022 11:42:45 GMT" time="21.364" errors="0">
  <testcase name="RegistracijaNeuspesnaImeChrome" time="9.336" classname="projekat4.RegistracijaNeuspesnaIme"/>
  <testcase name="RegistracijaNeuspesnaImeFirefox" time="11.95" classname="projekat4.RegistracijaNeuspesnaIme"/>
</testsuite> <!-- Command line test -->
