<?xml version="1.0" encoding="UTF-8"?>
<!-- Generated by org.testng.reporters.JUnitXMLReporter -->
<testsuite hostname="WIN-M4ALLFSO9QO" ignored="0" tests="1" failures="1" timestamp="12 Dec 2022 18:40:52 GMT" time="0.031" errors="0">
  <testcase name="RegistracijaUspesnaChrome" time="0.0" classname="RegistracijaUspesna">
    <failure type="org.testng.TestNGException" message="
Cannot inject @Test annotated Method [RegistracijaUspesnaChrome] with [class java.lang.String, class java.lang.String, class java.lang.String, class java.lang.String, class java.lang.String, class java.lang.String, class java.lang.String, class java.lang.String, class java.lang.String, class java.lang.String].
For more information on native dependency injection please refer to http://testng.org/doc/documentation-main.html#native-dependency-injection">
      <![CDATA[org.testng.TestNGException: 
Cannot inject @Test annotated Method [RegistracijaUspesnaChrome] with [class java.lang.String, class java.lang.String, class java.lang.String, class java.lang.String, class java.lang.String, class java.lang.String, class java.lang.String, class java.lang.String, class java.lang.String, class java.lang.String].
For more information on native dependency injection please refer to http://testng.org/doc/documentation-main.html#native-dependency-injection
... Removed 33 stack frames]]>
    </failure>
  </testcase> <!-- RegistracijaUspesnaChrome -->
</testsuite>
