<?xml version="1.0" encoding="UTF-8"?>
<!-- Generated by org.testng.reporters.JUnitXMLReporter -->
<testsuite hostname="WIN-M4ALLFSO9QO" ignored="0" name="Command line test" tests="2" failures="0" timestamp="19 Dec 2022 18:38:45 GMT" time="23.713" errors="0">
  <testcase name="IzmeniAnketuUbaciPitanjeUspesnoChrome" time="10.368" classname="projekat4.IzmeniAnketuUbaciPitanjeUspesno"/>
  <testcase name="IzmeniAnketuUbaciPitanjeUspesnoFirefox" time="13.299" classname="projekat4.IzmeniAnketuUbaciPitanjeUspesno"/>
</testsuite> <!-- Command line test -->
