<?xml version="1.0" encoding="UTF-8"?>
<!-- Generated by org.testng.reporters.JUnitXMLReporter -->
<testsuite hostname="WIN-M4ALLFSO9QO" ignored="0" name="Command line test" tests="2" failures="0" timestamp="15 Dec 2022 11:37:35 GMT" time="20.597" errors="0">
  <testcase name="RegistracijaNeuspesnaPrezimeChrome" time="9.314" classname="projekat4.RegistracijaNeuspesnaPrezime"/>
  <testcase name="RegistracijaNeuspesnaPrezimeFirefox" time="11.224" classname="projekat4.RegistracijaNeuspesnaPrezime"/>
</testsuite> <!-- Command line test -->
