<?xml version="1.0" encoding="UTF-8"?>
<testng-results skipped="0" failed="0" ignored="0" total="2" passed="2">
  <reporter-output>
  </reporter-output>
  <suite name="Surefire suite" duration-ms="21189" started-at="2022-12-19T18:35:14Z" finished-at="2022-12-19T18:35:35Z">
    <groups>
    </groups>
    <test name="Surefire test" duration-ms="21189" started-at="2022-12-19T18:35:14Z" finished-at="2022-12-19T18:35:35Z">
      <class name="projekat4.LoginUspesan">
        <test-method status="PASS" signature="setUpClass()[pri:0, instance:projekat4.LoginUspesan@39aeed2f]" name="setUpClass" is-config="true" duration-ms="31" started-at="2022-12-19T18:35:14Z" finished-at="2022-12-19T18:35:14Z">
          <reporter-output>
          </reporter-output>
        </test-method> <!-- setUpClass -->
        <test-method status="PASS" signature="setUpMethod()[pri:0, instance:projekat4.LoginUspesan@39aeed2f]" name="setUpMethod" is-config="true" duration-ms="0" started-at="2022-12-19T18:35:14Z" finished-at="2022-12-19T18:35:14Z">
          <reporter-output>
          </reporter-output>
        </test-method> <!-- setUpMethod -->
        <test-method status="PASS" signature="LoginUspesanChrome(java.lang.String, java.lang.String)[pri:0, instance:projekat4.LoginUspesan@39aeed2f]" name="LoginUspesanChrome" duration-ms="8859" started-at="2022-12-19T18:35:14Z" finished-at="2022-12-19T18:35:23Z">
          <params>
            <param index="0">
              <value>
                <![CDATA[admin]]>
              </value>
            </param>
            <param index="1">
              <value>
                <![CDATA[Admin123.]]>
              </value>
            </param>
          </params>
          <reporter-output>
          </reporter-output>
        </test-method> <!-- LoginUspesanChrome -->
        <test-method status="PASS" signature="setUpMethod()[pri:0, instance:projekat4.LoginUspesan@39aeed2f]" name="setUpMethod" is-config="true" duration-ms="0" started-at="2022-12-19T18:35:23Z" finished-at="2022-12-19T18:35:23Z">
          <reporter-output>
          </reporter-output>
        </test-method> <!-- setUpMethod -->
        <test-method status="PASS" signature="LoginUspesanFirefox(java.lang.String, java.lang.String)[pri:0, instance:projekat4.LoginUspesan@39aeed2f]" name="LoginUspesanFirefox" duration-ms="12267" started-at="2022-12-19T18:35:23Z" finished-at="2022-12-19T18:35:35Z">
          <params>
            <param index="0">
              <value>
                <![CDATA[admin]]>
              </value>
            </param>
            <param index="1">
              <value>
                <![CDATA[Admin123.]]>
              </value>
            </param>
          </params>
          <reporter-output>
          </reporter-output>
        </test-method> <!-- LoginUspesanFirefox -->
        <test-method status="PASS" signature="tearDownMethod()[pri:0, instance:projekat4.LoginUspesan@39aeed2f]" name="tearDownMethod" is-config="true" duration-ms="0" started-at="2022-12-19T18:35:23Z" finished-at="2022-12-19T18:35:23Z">
          <reporter-output>
          </reporter-output>
        </test-method> <!-- tearDownMethod -->
        <test-method status="PASS" signature="tearDownClass()[pri:0, instance:projekat4.LoginUspesan@39aeed2f]" name="tearDownClass" is-config="true" duration-ms="0" started-at="2022-12-19T18:35:35Z" finished-at="2022-12-19T18:35:35Z">
          <reporter-output>
          </reporter-output>
        </test-method> <!-- tearDownClass -->
        <test-method status="PASS" signature="tearDownMethod()[pri:0, instance:projekat4.LoginUspesan@39aeed2f]" name="tearDownMethod" is-config="true" duration-ms="0" started-at="2022-12-19T18:35:35Z" finished-at="2022-12-19T18:35:35Z">
          <reporter-output>
          </reporter-output>
        </test-method> <!-- tearDownMethod -->
      </class> <!-- projekat4.LoginUspesan -->
    </test> <!-- Surefire test -->
  </suite> <!-- Surefire suite -->
</testng-results>
