<?xml version="1.0" encoding="UTF-8"?>
<!-- Generated by org.testng.reporters.JUnitXMLReporter -->
<testsuite hostname="WIN-M4ALLFSO9QO" ignored="0" name="Command line test" tests="2" failures="0" timestamp="19 Dec 2022 18:33:43 GMT" time="27.568" errors="0">
  <testcase name="RegistracijaUspesnaChrome" time="13.124" classname="projekat4.RegistracijaUspesna"/>
  <testcase name="RegistracijaUspesnaFirefox" time="14.335" classname="projekat4.RegistracijaUspesna"/>
</testsuite> <!-- Command line test -->
